2022-12-07T07:12:07+00:00 INFO Is weekly report enabled: enable
2022-12-07T07:12:18+00:00 INFO Is weekly report enabled: enable
2022-12-07T07:14:18+00:00 INFO Is weekly report enabled: enable
2022-12-07T07:14:21+00:00 INFO Is weekly report enabled: enable
2022-12-07T07:14:31+00:00 INFO Is weekly report enabled: enable
2022-12-07T07:16:19+00:00 INFO Is weekly report enabled: enable
2022-12-07T07:18:21+00:00 INFO Is weekly report enabled: enable
2022-12-07T07:58:21+00:00 INFO Is weekly report enabled: enable
2022-12-07T07:58:24+00:00 INFO Is weekly report enabled: enable
2022-12-07T07:58:33+00:00 INFO Is weekly report enabled: enable
2022-12-07T07:58:39+00:00 INFO Is weekly report enabled: enable
2022-12-07T07:58:41+00:00 INFO Is weekly report enabled: enable
2022-12-07T08:00:42+00:00 INFO Is weekly report enabled: enable
2022-12-07T08:02:43+00:00 INFO Is weekly report enabled: enable
2022-12-07T08:04:44+00:00 INFO Is weekly report enabled: enable
2022-12-07T08:06:45+00:00 INFO Is weekly report enabled: enable
2022-12-07T08:08:46+00:00 INFO Is weekly report enabled: enable
2022-12-07T08:10:04+00:00 INFO Is weekly report enabled: enable
2022-12-07T08:26:53+00:00 INFO Is weekly report enabled: enable
2022-12-07T08:26:54+00:00 INFO Is weekly report enabled: enable
2022-12-07T08:27:05+00:00 INFO Is weekly report enabled: enable
2022-12-07T08:27:06+00:00 INFO Is weekly report enabled: enable
2022-12-07T08:27:08+00:00 INFO Is weekly report enabled: enable
2022-12-07T08:37:32+00:00 INFO Start-Cartflows_Frontend::redirect_to_thankyou_page
2022-12-07T08:37:32+00:00 INFO Only for thank you page
2022-12-07T08:37:32+00:00 INFO End-Cartflows_Frontend::redirect_to_thankyou_page
2022-12-07T08:45:37+00:00 INFO Is weekly report enabled: enable
2022-12-07T08:45:39+00:00 INFO Is weekly report enabled: enable
2022-12-07T08:45:40+00:00 INFO Is weekly report enabled: enable
2022-12-07T09:27:39+00:00 INFO Is weekly report enabled: enable
2022-12-07T09:27:40+00:00 INFO Is weekly report enabled: enable
2022-12-07T09:27:44+00:00 INFO Is weekly report enabled: enable
2022-12-07T09:28:44+00:00 INFO Is weekly report enabled: enable
2022-12-07T09:30:44+00:00 INFO Is weekly report enabled: enable
2022-12-07T09:32:44+00:00 INFO Is weekly report enabled: enable
2022-12-07T09:34:44+00:00 INFO Is weekly report enabled: enable
2022-12-07T09:36:44+00:00 INFO Is weekly report enabled: enable
2022-12-07T09:37:27+00:00 INFO Is weekly report enabled: enable
2022-12-07T09:37:31+00:00 INFO Is weekly report enabled: enable
2022-12-07T09:37:35+00:00 INFO Is weekly report enabled: enable
2022-12-07T09:37:37+00:00 INFO Is weekly report enabled: enable
2022-12-07T09:37:40+00:00 INFO Is weekly report enabled: enable
2022-12-07T09:37:47+00:00 INFO Is weekly report enabled: enable
2022-12-07T09:37:49+00:00 INFO Is weekly report enabled: enable
2022-12-07T09:37:50+00:00 INFO Is weekly report enabled: enable
2022-12-07T09:37:51+00:00 INFO Is weekly report enabled: enable
2022-12-07T09:37:54+00:00 INFO Is weekly report enabled: enable
2022-12-07T09:37:55+00:00 INFO Is weekly report enabled: enable
2022-12-07T09:37:57+00:00 INFO Is weekly report enabled: enable
2022-12-07T09:38:12+00:00 INFO Is weekly report enabled: enable
2022-12-07T09:40:13+00:00 INFO Is weekly report enabled: enable
2022-12-07T09:42:13+00:00 INFO Is weekly report enabled: enable
2022-12-07T09:44:13+00:00 INFO Is weekly report enabled: enable
2022-12-07T09:44:41+00:00 INFO Is weekly report enabled: enable
2022-12-07T09:44:57+00:00 INFO Is weekly report enabled: enable
2022-12-07T09:44:58+00:00 INFO Is weekly report enabled: enable
2022-12-07T09:45:01+00:00 INFO Is weekly report enabled: enable
2022-12-07T09:45:04+00:00 INFO Is weekly report enabled: enable
2022-12-07T09:45:19+00:00 INFO Is weekly report enabled: enable
2022-12-07T09:45:23+00:00 INFO Is weekly report enabled: enable
2022-12-07T09:45:25+00:00 INFO Is weekly report enabled: enable
2022-12-07T09:45:28+00:00 INFO Is weekly report enabled: enable
2022-12-07T09:45:45+00:00 INFO Is weekly report enabled: enable
2022-12-07T09:45:48+00:00 INFO Is weekly report enabled: enable
2022-12-07T09:45:54+00:00 INFO Is weekly report enabled: enable
2022-12-07T09:45:56+00:00 INFO Is weekly report enabled: enable
2022-12-07T09:46:05+00:00 INFO Is weekly report enabled: enable
2022-12-07T09:46:06+00:00 INFO Is weekly report enabled: enable
2022-12-07T09:46:09+00:00 INFO Is weekly report enabled: enable
2022-12-07T09:46:29+00:00 INFO Is weekly report enabled: enable
2022-12-07T09:46:34+00:00 INFO Is weekly report enabled: enable
2022-12-07T09:46:34+00:00 INFO Is weekly report enabled: enable
2022-12-07T09:46:41+00:00 INFO Is weekly report enabled: enable
2022-12-07T09:46:48+00:00 INFO Is weekly report enabled: enable
2022-12-07T09:47:04+00:00 INFO Is weekly report enabled: enable
2022-12-07T09:47:18+00:00 INFO Is weekly report enabled: enable
2022-12-07T09:47:34+00:00 INFO Is weekly report enabled: enable
2022-12-07T09:47:48+00:00 INFO Is weekly report enabled: enable
2022-12-07T09:48:04+00:00 INFO Is weekly report enabled: enable
2022-12-07T09:48:18+00:00 INFO Is weekly report enabled: enable
2022-12-07T09:48:34+00:00 INFO Is weekly report enabled: enable
2022-12-07T09:48:48+00:00 INFO Is weekly report enabled: enable
2022-12-07T09:49:04+00:00 INFO Is weekly report enabled: enable
2022-12-07T09:49:18+00:00 INFO Is weekly report enabled: enable
2022-12-07T09:49:34+00:00 INFO Is weekly report enabled: enable
2022-12-07T09:49:48+00:00 INFO Is weekly report enabled: enable
2022-12-07T09:50:04+00:00 INFO Is weekly report enabled: enable
2022-12-07T09:50:18+00:00 INFO Is weekly report enabled: enable
2022-12-07T09:50:34+00:00 INFO Is weekly report enabled: enable
2022-12-07T09:50:46+00:00 INFO Is weekly report enabled: enable
2022-12-07T09:50:49+00:00 INFO Is weekly report enabled: enable
2022-12-07T09:50:49+00:00 INFO Is weekly report enabled: enable
2022-12-07T09:51:04+00:00 INFO Is weekly report enabled: enable
2022-12-07T09:51:18+00:00 INFO Is weekly report enabled: enable
2022-12-07T09:51:34+00:00 INFO Is weekly report enabled: enable
2022-12-07T09:51:48+00:00 INFO Is weekly report enabled: enable
2022-12-07T09:52:04+00:00 INFO Is weekly report enabled: enable
2022-12-07T09:52:18+00:00 INFO Is weekly report enabled: enable
2022-12-07T09:52:33+00:00 INFO Is weekly report enabled: enable
2022-12-07T09:52:49+00:00 INFO Is weekly report enabled: enable
2022-12-07T09:52:57+00:00 INFO Is weekly report enabled: enable
2022-12-07T09:53:04+00:00 INFO Is weekly report enabled: enable
2022-12-07T09:53:04+00:00 INFO Is weekly report enabled: enable
2022-12-07T09:53:14+00:00 INFO Is weekly report enabled: enable
2022-12-07T09:53:18+00:00 INFO Is weekly report enabled: enable
2022-12-07T09:53:34+00:00 INFO Is weekly report enabled: enable
2022-12-07T09:53:41+00:00 INFO Is weekly report enabled: enable
2022-12-07T09:53:43+00:00 INFO Is weekly report enabled: enable
2022-12-07T09:53:43+00:00 INFO Is weekly report enabled: enable
2022-12-07T09:53:48+00:00 INFO Is weekly report enabled: enable
2022-12-07T09:53:56+00:00 INFO Is weekly report enabled: enable
2022-12-07T09:53:56+00:00 INFO Is weekly report enabled: enable
2022-12-07T09:54:03+00:00 INFO Is weekly report enabled: enable
2022-12-07T09:54:03+00:00 INFO Is weekly report enabled: enable
2022-12-07T09:54:04+00:00 INFO Is weekly report enabled: enable
2022-12-07T09:54:17+00:00 INFO Is weekly report enabled: enable
2022-12-07T09:54:18+00:00 INFO Is weekly report enabled: enable
2022-12-07T09:54:18+00:00 INFO Is weekly report enabled: enable
2022-12-07T09:54:25+00:00 INFO Is weekly report enabled: enable
2022-12-07T09:54:26+00:00 INFO Is weekly report enabled: enable
2022-12-07T09:54:26+00:00 INFO Is weekly report enabled: enable
2022-12-07T09:54:34+00:00 INFO Is weekly report enabled: enable
2022-12-07T09:54:35+00:00 INFO Is weekly report enabled: enable
2022-12-07T09:54:36+00:00 INFO Is weekly report enabled: enable
2022-12-07T09:54:43+00:00 INFO Is weekly report enabled: enable
2022-12-07T09:54:48+00:00 INFO Is weekly report enabled: enable
2022-12-07T09:54:51+00:00 INFO Is weekly report enabled: enable
2022-12-07T09:54:53+00:00 INFO Is weekly report enabled: enable
2022-12-07T09:54:57+00:00 INFO Is weekly report enabled: enable
2022-12-07T09:55:04+00:00 INFO Is weekly report enabled: enable
2022-12-07T09:55:18+00:00 INFO Is weekly report enabled: enable
2022-12-07T09:55:38+00:00 INFO Is weekly report enabled: enable
2022-12-07T09:55:43+00:00 INFO Is weekly report enabled: enable
2022-12-07T09:55:54+00:00 INFO Is weekly report enabled: enable
2022-12-07T09:55:56+00:00 INFO Is weekly report enabled: enable
2022-12-07T09:57:56+00:00 INFO Is weekly report enabled: enable
2022-12-07T09:59:12+00:00 INFO Is weekly report enabled: enable
2022-12-07T09:59:23+00:00 INFO Is weekly report enabled: enable
2022-12-07T09:59:27+00:00 INFO Is weekly report enabled: enable
2022-12-07T09:59:27+00:00 INFO Is weekly report enabled: enable
2022-12-07T09:59:30+00:00 INFO Is weekly report enabled: enable
2022-12-07T09:59:43+00:00 INFO Is weekly report enabled: enable
2022-12-07T09:59:59+00:00 INFO Is weekly report enabled: enable
2022-12-07T10:00:04+00:00 INFO Is weekly report enabled: enable
2022-12-07T10:00:07+00:00 INFO Is weekly report enabled: enable
2022-12-07T10:00:14+00:00 INFO Is weekly report enabled: enable
2022-12-07T10:00:29+00:00 INFO Is weekly report enabled: enable
2022-12-07T10:00:30+00:00 INFO Is weekly report enabled: enable
2022-12-07T10:00:36+00:00 INFO Is weekly report enabled: enable
2022-12-07T10:00:40+00:00 INFO Is weekly report enabled: enable
2022-12-07T10:00:45+00:00 INFO Is weekly report enabled: enable
2022-12-07T10:01:01+00:00 INFO Is weekly report enabled: enable
2022-12-07T10:01:02+00:00 INFO Is weekly report enabled: enable
2022-12-07T10:01:06+00:00 INFO Is weekly report enabled: enable
2022-12-07T10:01:09+00:00 INFO Is weekly report enabled: enable
2022-12-07T10:01:15+00:00 INFO Is weekly report enabled: enable
2022-12-07T10:01:30+00:00 INFO Is weekly report enabled: enable
2022-12-07T10:01:32+00:00 INFO Is weekly report enabled: enable
2022-12-07T10:01:45+00:00 INFO Is weekly report enabled: enable
2022-12-07T10:02:01+00:00 INFO Is weekly report enabled: enable
2022-12-07T10:02:15+00:00 INFO Is weekly report enabled: enable
2022-12-07T10:02:31+00:00 INFO Is weekly report enabled: enable
2022-12-07T10:02:45+00:00 INFO Is weekly report enabled: enable
2022-12-07T10:03:02+00:00 INFO Is weekly report enabled: enable
2022-12-07T10:03:16+00:00 INFO Is weekly report enabled: enable
2022-12-07T10:03:22+00:00 INFO Is weekly report enabled: enable
2022-12-07T10:03:25+00:00 INFO Is weekly report enabled: enable
2022-12-07T10:03:33+00:00 INFO Is weekly report enabled: enable
2022-12-07T10:04:56+00:00 INFO Is weekly report enabled: enable
2022-12-07T10:05:11+00:00 INFO Is weekly report enabled: enable
2022-12-07T10:07:12+00:00 INFO Is weekly report enabled: enable
2022-12-07T10:09:13+00:00 INFO Is weekly report enabled: enable
2022-12-07T10:09:29+00:00 INFO Is weekly report enabled: enable
2022-12-07T10:11:18+00:00 INFO Is weekly report enabled: enable
2022-12-07T10:11:33+00:00 INFO Is weekly report enabled: enable
2022-12-07T10:13:35+00:00 INFO Is weekly report enabled: enable
2022-12-07T10:15:36+00:00 INFO Is weekly report enabled: enable
2022-12-07T10:17:37+00:00 INFO Is weekly report enabled: enable
2022-12-07T10:19:37+00:00 INFO Is weekly report enabled: enable
2022-12-07T10:21:38+00:00 INFO Is weekly report enabled: enable
2022-12-07T10:23:39+00:00 INFO Is weekly report enabled: enable
2022-12-07T10:25:40+00:00 INFO Is weekly report enabled: enable
2022-12-07T10:27:41+00:00 INFO Is weekly report enabled: enable
2022-12-07T10:29:42+00:00 INFO Is weekly report enabled: enable
2022-12-07T10:29:58+00:00 INFO Is weekly report enabled: enable
2022-12-07T10:30:14+00:00 INFO Is weekly report enabled: enable
2022-12-07T10:32:15+00:00 INFO Is weekly report enabled: enable
2022-12-07T10:34:16+00:00 INFO Is weekly report enabled: enable
2022-12-07T10:35:35+00:00 INFO Is weekly report enabled: enable
2022-12-07T10:36:41+00:00 INFO Is weekly report enabled: enable
2022-12-07T10:37:18+00:00 INFO Is weekly report enabled: enable
2022-12-07T10:37:41+00:00 INFO Is weekly report enabled: enable
2022-12-07T10:37:43+00:00 INFO Is weekly report enabled: enable
2022-12-07T10:37:49+00:00 INFO Is weekly report enabled: enable
2022-12-07T10:37:52+00:00 INFO Is weekly report enabled: enable
2022-12-07T10:38:26+00:00 INFO Is weekly report enabled: enable
2022-12-07T10:38:42+00:00 INFO Is weekly report enabled: enable
2022-12-07T10:39:19+00:00 INFO Is weekly report enabled: enable
2022-12-07T10:40:43+00:00 INFO Is weekly report enabled: enable
2022-12-07T10:41:19+00:00 INFO Is weekly report enabled: enable
2022-12-07T10:42:28+00:00 INFO Is weekly report enabled: enable
2022-12-07T10:42:28+00:00 INFO Is weekly report enabled: enable
2022-12-07T10:42:43+00:00 INFO Is weekly report enabled: enable
2022-12-07T10:43:04+00:00 INFO Is weekly report enabled: enable
2022-12-07T10:43:20+00:00 INFO Is weekly report enabled: enable
2022-12-07T10:43:23+00:00 INFO Is weekly report enabled: enable
2022-12-07T10:43:24+00:00 INFO Is weekly report enabled: enable
2022-12-07T10:43:33+00:00 INFO Is weekly report enabled: enable
2022-12-07T10:43:39+00:00 INFO Is weekly report enabled: enable
2022-12-07T10:43:46+00:00 INFO Is weekly report enabled: enable
2022-12-07T10:44:25+00:00 INFO Is weekly report enabled: enable
2022-12-07T10:44:32+00:00 INFO Is weekly report enabled: enable
2022-12-07T10:45:04+00:00 INFO Is weekly report enabled: enable
2022-12-07T10:45:35+00:00 INFO Is weekly report enabled: enable
2022-12-07T10:45:37+00:00 INFO Is weekly report enabled: enable
2022-12-07T10:45:50+00:00 INFO Is weekly report enabled: enable
2022-12-07T10:45:59+00:00 INFO Is weekly report enabled: enable
2022-12-07T10:46:21+00:00 INFO Is weekly report enabled: enable
2022-12-07T10:46:59+00:00 INFO Is weekly report enabled: enable
2022-12-07T10:47:20+00:00 INFO Is weekly report enabled: enable
2022-12-07T10:47:27+00:00 INFO Is weekly report enabled: enable
2022-12-07T10:47:35+00:00 INFO Is weekly report enabled: enable
2022-12-07T10:47:39+00:00 INFO Is weekly report enabled: enable
2022-12-07T10:48:28+00:00 INFO Is weekly report enabled: enable
2022-12-07T10:49:36+00:00 INFO Is weekly report enabled: enable
2022-12-07T10:50:27+00:00 INFO Is weekly report enabled: enable
2022-12-07T10:51:37+00:00 INFO Is weekly report enabled: enable
2022-12-07T10:52:22+00:00 INFO Is weekly report enabled: enable
2022-12-07T10:52:42+00:00 INFO Is weekly report enabled: enable
2022-12-07T10:53:24+00:00 INFO Is weekly report enabled: enable
2022-12-07T10:54:42+00:00 INFO Is weekly report enabled: enable
2022-12-07T10:55:22+00:00 INFO Is weekly report enabled: enable
2022-12-07T10:55:45+00:00 INFO Is weekly report enabled: enable
2022-12-07T10:56:42+00:00 INFO Is weekly report enabled: enable
2022-12-07T10:56:59+00:00 INFO Is weekly report enabled: enable
2022-12-07T10:57:19+00:00 INFO Is weekly report enabled: enable
2022-12-07T10:57:35+00:00 INFO Is weekly report enabled: enable
2022-12-07T10:59:37+00:00 INFO Is weekly report enabled: enable
2022-12-07T11:01:38+00:00 INFO Is weekly report enabled: enable
2022-12-07T11:03:39+00:00 INFO Is weekly report enabled: enable
2022-12-07T11:05:40+00:00 INFO Is weekly report enabled: enable
2022-12-07T11:07:41+00:00 INFO Is weekly report enabled: enable
2022-12-07T11:31:14+00:00 INFO Is weekly report enabled: enable
2022-12-07T11:31:16+00:00 INFO Is weekly report enabled: enable
2022-12-07T11:31:18+00:00 INFO Is weekly report enabled: enable
2022-12-07T11:31:19+00:00 INFO Is weekly report enabled: enable
2022-12-07T11:31:21+00:00 INFO Is weekly report enabled: enable
2022-12-07T11:31:24+00:00 INFO Is weekly report enabled: enable
2022-12-07T11:31:25+00:00 INFO Is weekly report enabled: enable
2022-12-07T11:31:40+00:00 INFO Is weekly report enabled: enable
2022-12-07T11:31:40+00:00 INFO Is weekly report enabled: enable
2022-12-07T11:31:43+00:00 INFO Is weekly report enabled: enable
2022-12-07T11:31:43+00:00 INFO Is weekly report enabled: enable
2022-12-07T11:31:56+00:00 INFO Is weekly report enabled: enable
2022-12-07T11:32:10+00:00 INFO Is weekly report enabled: enable
2022-12-07T11:32:22+00:00 INFO Is weekly report enabled: enable
2022-12-07T11:32:26+00:00 INFO Is weekly report enabled: enable
2022-12-07T11:32:27+00:00 INFO Is weekly report enabled: enable
2022-12-07T11:32:41+00:00 INFO Is weekly report enabled: enable
2022-12-07T11:32:57+00:00 INFO Is weekly report enabled: enable
2022-12-07T11:33:08+00:00 INFO Is weekly report enabled: enable
2022-12-07T11:33:10+00:00 INFO Is weekly report enabled: enable
2022-12-07T11:33:12+00:00 INFO Is weekly report enabled: enable
2022-12-07T11:33:27+00:00 INFO Is weekly report enabled: enable
2022-12-07T11:33:41+00:00 INFO Is weekly report enabled: enable
2022-12-07T11:33:57+00:00 INFO Is weekly report enabled: enable
2022-12-07T11:34:01+00:00 INFO Is weekly report enabled: enable
2022-12-07T11:34:04+00:00 INFO Is weekly report enabled: enable
2022-12-07T11:34:08+00:00 INFO Is weekly report enabled: enable
2022-12-07T11:34:11+00:00 INFO Is weekly report enabled: enable
2022-12-07T11:34:24+00:00 INFO Is weekly report enabled: enable
2022-12-07T11:34:27+00:00 INFO Is weekly report enabled: enable
2022-12-07T11:34:32+00:00 INFO Is weekly report enabled: enable
2022-12-07T11:34:40+00:00 INFO Is weekly report enabled: enable
2022-12-07T11:35:38+00:00 INFO Is weekly report enabled: enable
2022-12-07T11:36:29+00:00 INFO Is weekly report enabled: enable
2022-12-07T11:36:38+00:00 INFO Is weekly report enabled: enable
2022-12-07T11:36:40+00:00 INFO Is weekly report enabled: enable
2022-12-07T11:37:39+00:00 INFO Is weekly report enabled: enable
2022-12-07T11:38:30+00:00 INFO Is weekly report enabled: enable
2022-12-07T11:38:39+00:00 INFO Is weekly report enabled: enable
2022-12-07T11:38:42+00:00 INFO Is weekly report enabled: enable
2022-12-07T11:39:38+00:00 INFO Is weekly report enabled: enable
2022-12-07T11:40:31+00:00 INFO Is weekly report enabled: enable
2022-12-07T11:40:39+00:00 INFO Is weekly report enabled: enable
2022-12-07T11:40:42+00:00 INFO Is weekly report enabled: enable
2022-12-07T11:42:32+00:00 INFO Is weekly report enabled: enable
2022-12-07T11:42:40+00:00 INFO Is weekly report enabled: enable
2022-12-07T11:42:43+00:00 INFO Is weekly report enabled: enable
2022-12-07T11:44:13+00:00 INFO Is weekly report enabled: enable
2022-12-07T11:44:24+00:00 INFO Is weekly report enabled: enable
2022-12-07T11:44:32+00:00 INFO Is weekly report enabled: enable
2022-12-07T11:44:33+00:00 INFO Is weekly report enabled: enable
2022-12-07T11:44:44+00:00 INFO Is weekly report enabled: enable
2022-12-07T11:45:03+00:00 INFO Is weekly report enabled: enable
2022-12-07T11:46:01+00:00 INFO Is weekly report enabled: enable
2022-12-07T11:46:34+00:00 INFO Is weekly report enabled: enable
2022-12-07T11:46:53+00:00 INFO Is weekly report enabled: enable
2022-12-07T11:47:58+00:00 INFO Is weekly report enabled: enable
2022-12-07T11:48:35+00:00 INFO Is weekly report enabled: enable
2022-12-07T11:48:37+00:00 INFO Is weekly report enabled: enable
2022-12-07T11:48:58+00:00 INFO Is weekly report enabled: enable
2022-12-07T11:49:58+00:00 INFO Is weekly report enabled: enable
2022-12-07T11:50:36+00:00 INFO Is weekly report enabled: enable
2022-12-07T11:50:58+00:00 INFO Is weekly report enabled: enable
2022-12-07T11:51:58+00:00 INFO Is weekly report enabled: enable
2022-12-07T11:52:36+00:00 INFO Is weekly report enabled: enable
2022-12-07T11:52:59+00:00 INFO Is weekly report enabled: enable
2022-12-07T11:54:37+00:00 INFO Is weekly report enabled: enable
2022-12-07T11:55:00+00:00 INFO Is weekly report enabled: enable
2022-12-07T11:56:38+00:00 INFO Is weekly report enabled: enable
2022-12-07T11:57:01+00:00 INFO Is weekly report enabled: enable
2022-12-07T11:58:40+00:00 INFO Is weekly report enabled: enable
2022-12-07T11:59:02+00:00 INFO Is weekly report enabled: enable
2022-12-07T12:00:40+00:00 INFO Is weekly report enabled: enable
2022-12-07T12:00:42+00:00 INFO Is weekly report enabled: enable
2022-12-07T12:02:41+00:00 INFO Is weekly report enabled: enable
2022-12-07T12:02:43+00:00 INFO Is weekly report enabled: enable
2022-12-07T12:04:42+00:00 INFO Is weekly report enabled: enable
2022-12-07T12:04:44+00:00 INFO Is weekly report enabled: enable
2022-12-07T12:06:43+00:00 INFO Is weekly report enabled: enable
2022-12-07T12:06:45+00:00 INFO Is weekly report enabled: enable
2022-12-07T12:08:44+00:00 INFO Is weekly report enabled: enable
2022-12-07T12:08:46+00:00 INFO Is weekly report enabled: enable
2022-12-07T12:09:45+00:00 INFO Is weekly report enabled: enable
2022-12-07T12:10:45+00:00 INFO Is weekly report enabled: enable
2022-12-07T12:10:46+00:00 INFO Is weekly report enabled: enable
2022-12-07T12:10:51+00:00 INFO Is weekly report enabled: enable
2022-12-07T12:11:45+00:00 INFO Is weekly report enabled: enable
2022-12-07T12:11:51+00:00 INFO Is weekly report enabled: enable
2022-12-07T12:12:46+00:00 INFO Is weekly report enabled: enable
2022-12-07T12:12:47+00:00 INFO Is weekly report enabled: enable
2022-12-07T12:12:51+00:00 INFO Is weekly report enabled: enable
2022-12-07T12:13:04+00:00 INFO Is weekly report enabled: enable
2022-12-07T12:13:47+00:00 INFO Is weekly report enabled: enable
2022-12-07T12:13:59+00:00 INFO Is weekly report enabled: enable
2022-12-07T12:14:00+00:00 INFO Is weekly report enabled: enable
2022-12-07T12:14:13+00:00 INFO Is weekly report enabled: enable
2022-12-07T12:14:13+00:00 INFO Is weekly report enabled: enable
2022-12-07T12:14:46+00:00 INFO Is weekly report enabled: enable
2022-12-07T12:15:00+00:00 INFO Is weekly report enabled: enable
2022-12-07T12:15:13+00:00 INFO Is weekly report enabled: enable
2022-12-07T12:15:17+00:00 INFO Is weekly report enabled: enable
2022-12-07T12:15:18+00:00 INFO Is weekly report enabled: enable
2022-12-07T12:15:32+00:00 INFO Is weekly report enabled: enable
2022-12-07T12:15:32+00:00 INFO Is weekly report enabled: enable
2022-12-07T12:15:35+00:00 INFO Is weekly report enabled: enable
2022-12-07T12:15:38+00:00 INFO Is weekly report enabled: enable
2022-12-07T12:15:39+00:00 INFO Is weekly report enabled: enable
2022-12-07T12:15:42+00:00 INFO Is weekly report enabled: enable
2022-12-07T12:15:46+00:00 INFO Is weekly report enabled: enable
2022-12-07T12:15:46+00:00 INFO Is weekly report enabled: enable
2022-12-07T12:15:47+00:00 INFO Is weekly report enabled: enable
2022-12-07T12:15:54+00:00 INFO Is weekly report enabled: enable
2022-12-07T12:15:57+00:00 INFO Is weekly report enabled: enable
2022-12-07T12:15:58+00:00 INFO Is weekly report enabled: enable
2022-12-07T12:16:01+00:00 INFO Is weekly report enabled: enable
2022-12-07T12:16:03+00:00 INFO Is weekly report enabled: enable
2022-12-07T12:16:10+00:00 INFO Is weekly report enabled: enable
2022-12-07T12:16:27+00:00 INFO Is weekly report enabled: enable
2022-12-07T12:16:33+00:00 INFO Is weekly report enabled: enable
2022-12-07T12:16:47+00:00 INFO Is weekly report enabled: enable
2022-12-07T12:17:44+00:00 INFO Is weekly report enabled: enable
2022-12-07T12:17:47+00:00 INFO Is weekly report enabled: enable
2022-12-07T12:18:26+00:00 INFO Is weekly report enabled: enable
2022-12-07T12:18:27+00:00 INFO Is weekly report enabled: enable
2022-12-07T12:18:59+00:00 INFO Is weekly report enabled: enable
2022-12-07T12:19:06+00:00 INFO Is weekly report enabled: enable
2022-12-07T12:20:13+00:00 INFO Is weekly report enabled: enable
2022-12-07T12:20:28+00:00 INFO Is weekly report enabled: enable
2022-12-07T12:20:52+00:00 INFO Is weekly report enabled: enable
2022-12-07T12:20:56+00:00 INFO Is weekly report enabled: enable
2022-12-07T12:21:14+00:00 INFO Is weekly report enabled: enable
2022-12-07T12:21:43+00:00 INFO Is weekly report enabled: enable
2022-12-07T12:21:59+00:00 INFO Is weekly report enabled: enable
2022-12-07T12:22:01+00:00 INFO Is weekly report enabled: enable
2022-12-07T12:22:08+00:00 INFO Is weekly report enabled: enable
2022-12-07T12:22:11+00:00 INFO Is weekly report enabled: enable
2022-12-07T12:22:23+00:00 INFO Is weekly report enabled: enable
2022-12-07T12:22:29+00:00 INFO Is weekly report enabled: enable
2022-12-07T12:23:38+00:00 INFO Is weekly report enabled: enable
2022-12-07T12:23:41+00:00 INFO Is weekly report enabled: enable
2022-12-07T12:23:44+00:00 INFO Is weekly report enabled: enable
2022-12-07T12:23:45+00:00 INFO Is weekly report enabled: enable
2022-12-07T12:24:18+00:00 INFO Is weekly report enabled: enable
2022-12-07T12:24:22+00:00 INFO Is weekly report enabled: enable
2022-12-07T12:24:30+00:00 INFO Is weekly report enabled: enable
2022-12-07T12:24:44+00:00 INFO Is weekly report enabled: enable
2022-12-07T12:25:38+00:00 INFO Is weekly report enabled: enable
2022-12-07T12:25:41+00:00 INFO Is weekly report enabled: enable
2022-12-07T12:25:47+00:00 INFO Is weekly report enabled: enable
2022-12-07T12:26:02+00:00 INFO Is weekly report enabled: enable
2022-12-07T12:26:31+00:00 INFO Is weekly report enabled: enable
2022-12-07T12:26:50+00:00 INFO Is weekly report enabled: enable
2022-12-07T12:27:50+00:00 INFO Is weekly report enabled: enable
2022-12-07T12:27:58+00:00 INFO Is weekly report enabled: enable
2022-12-07T12:29:47+00:00 INFO Is weekly report enabled: enable
2022-12-07T12:30:50+00:00 INFO Is weekly report enabled: enable
2022-12-07T12:32:51+00:00 INFO Is weekly report enabled: enable
2022-12-07T12:33:53+00:00 INFO Is weekly report enabled: enable
2022-12-07T12:35:41+00:00 INFO Is weekly report enabled: enable
2022-12-07T12:35:48+00:00 INFO Is weekly report enabled: enable
2022-12-07T12:36:44+00:00 INFO Is weekly report enabled: enable
2022-12-07T12:36:44+00:00 INFO Is weekly report enabled: enable
2022-12-07T12:36:45+00:00 INFO Is weekly report enabled: enable
2022-12-07T12:36:48+00:00 INFO Is weekly report enabled: enable
2022-12-07T12:36:52+00:00 INFO Is weekly report enabled: enable
2022-12-07T12:37:05+00:00 INFO Is weekly report enabled: enable
2022-12-07T12:37:05+00:00 INFO Is weekly report enabled: enable
2022-12-07T12:37:09+00:00 INFO Is weekly report enabled: enable
2022-12-07T12:37:09+00:00 INFO Is weekly report enabled: enable
2022-12-07T12:37:11+00:00 INFO Is weekly report enabled: enable
2022-12-07T12:37:27+00:00 INFO Is weekly report enabled: enable
2022-12-07T12:37:27+00:00 INFO Is weekly report enabled: enable
2022-12-07T12:37:42+00:00 INFO Is weekly report enabled: enable
2022-12-07T12:37:42+00:00 INFO Is weekly report enabled: enable
2022-12-07T12:37:59+00:00 INFO Is weekly report enabled: enable
2022-12-07T12:39:42+00:00 INFO Is weekly report enabled: enable
2022-12-07T12:39:43+00:00 INFO Is weekly report enabled: enable
2022-12-07T12:39:57+00:00 INFO Is weekly report enabled: enable
2022-12-07T12:40:04+00:00 INFO Is weekly report enabled: enable
2022-12-07T12:40:05+00:00 INFO Is weekly report enabled: enable
2022-12-07T12:40:06+00:00 INFO Is weekly report enabled: enable
2022-12-07T12:40:22+00:00 INFO Is weekly report enabled: enable
2022-12-07T12:40:36+00:00 INFO Is weekly report enabled: enable
2022-12-07T12:40:51+00:00 INFO Is weekly report enabled: enable
2022-12-07T12:41:08+00:00 INFO Is weekly report enabled: enable
2022-12-07T12:41:22+00:00 INFO Is weekly report enabled: enable
2022-12-07T12:41:37+00:00 INFO Is weekly report enabled: enable
2022-12-07T12:41:44+00:00 INFO Is weekly report enabled: enable
2022-12-07T12:41:53+00:00 INFO Is weekly report enabled: enable
2022-12-07T12:43:46+00:00 INFO Is weekly report enabled: enable
2022-12-07T12:43:54+00:00 INFO Is weekly report enabled: enable
2022-12-07T12:44:41+00:00 INFO Is weekly report enabled: enable
2022-12-07T12:44:49+00:00 INFO Is weekly report enabled: enable
2022-12-07T12:45:39+00:00 INFO Is weekly report enabled: enable
2022-12-07T12:45:40+00:00 INFO Is weekly report enabled: enable
2022-12-07T12:45:52+00:00 INFO Is weekly report enabled: enable
2022-12-07T12:46:52+00:00 INFO Is weekly report enabled: enable
2022-12-07T12:47:11+00:00 INFO Is weekly report enabled: enable
2022-12-07T12:47:40+00:00 INFO Is weekly report enabled: enable
2022-12-07T12:47:52+00:00 INFO Is weekly report enabled: enable
2022-12-07T12:48:11+00:00 INFO Is weekly report enabled: enable
2022-12-07T12:48:52+00:00 INFO Is weekly report enabled: enable
2022-12-07T12:48:57+00:00 INFO Is weekly report enabled: enable
2022-12-07T12:49:41+00:00 INFO Is weekly report enabled: enable
2022-12-07T12:49:52+00:00 INFO Is weekly report enabled: enable
2022-12-07T12:51:42+00:00 INFO Is weekly report enabled: enable
2022-12-07T12:51:52+00:00 INFO Is weekly report enabled: enable
2022-12-07T12:53:43+00:00 INFO Is weekly report enabled: enable
2022-12-07T12:53:52+00:00 INFO Is weekly report enabled: enable
2022-12-07T12:55:44+00:00 INFO Is weekly report enabled: enable
2022-12-07T12:55:52+00:00 INFO Is weekly report enabled: enable
2022-12-07T12:57:52+00:00 INFO Is weekly report enabled: enable
2022-12-07T13:16:57+00:00 INFO Is weekly report enabled: enable
2022-12-07T13:17:10+00:00 INFO Is weekly report enabled: enable
2022-12-07T13:17:13+00:00 INFO Is weekly report enabled: enable
2022-12-07T13:17:13+00:00 INFO Is weekly report enabled: enable
2022-12-07T13:17:19+00:00 INFO Is weekly report enabled: enable
2022-12-07T13:17:28+00:00 INFO Is weekly report enabled: enable
2022-12-07T13:17:43+00:00 INFO Is weekly report enabled: enable
2022-12-07T13:17:58+00:00 INFO Is weekly report enabled: enable
2022-12-07T13:18:14+00:00 INFO Is weekly report enabled: enable
2022-12-07T13:18:22+00:00 INFO Is weekly report enabled: enable
2022-12-07T13:18:25+00:00 INFO Is weekly report enabled: enable
2022-12-07T13:18:28+00:00 INFO Is weekly report enabled: enable
2022-12-07T13:18:43+00:00 INFO Is weekly report enabled: enable
2022-12-07T13:18:59+00:00 INFO Is weekly report enabled: enable
2022-12-07T13:19:13+00:00 INFO Is weekly report enabled: enable
2022-12-07T13:19:28+00:00 INFO Is weekly report enabled: enable
2022-12-07T13:19:43+00:00 INFO Is weekly report enabled: enable
2022-12-07T13:19:59+00:00 INFO Is weekly report enabled: enable
2022-12-07T13:20:13+00:00 INFO Is weekly report enabled: enable
2022-12-07T13:20:18+00:00 INFO Is weekly report enabled: enable
2022-12-07T13:20:28+00:00 INFO Is weekly report enabled: enable
2022-12-07T13:20:30+00:00 INFO Is weekly report enabled: enable
2022-12-07T13:20:43+00:00 INFO Is weekly report enabled: enable
2022-12-07T13:20:58+00:00 INFO Is weekly report enabled: enable
2022-12-07T13:21:14+00:00 INFO Is weekly report enabled: enable
2022-12-07T13:21:29+00:00 INFO Is weekly report enabled: enable
2022-12-07T13:21:43+00:00 INFO Is weekly report enabled: enable
2022-12-07T13:21:59+00:00 INFO Is weekly report enabled: enable
2022-12-07T13:22:10+00:00 INFO Is weekly report enabled: enable
2022-12-07T13:22:13+00:00 INFO Is weekly report enabled: enable
2022-12-07T13:22:23+00:00 INFO Is weekly report enabled: enable
2022-12-07T13:22:27+00:00 INFO Is weekly report enabled: enable
2022-12-07T13:22:28+00:00 INFO Is weekly report enabled: enable
2022-12-07T13:22:43+00:00 INFO Is weekly report enabled: enable
2022-12-07T13:22:59+00:00 INFO Is weekly report enabled: enable
2022-12-07T13:23:11+00:00 INFO Is weekly report enabled: enable
2022-12-07T13:23:13+00:00 INFO Is weekly report enabled: enable
2022-12-07T13:23:28+00:00 INFO Is weekly report enabled: enable
2022-12-07T13:23:43+00:00 INFO Is weekly report enabled: enable
2022-12-07T13:23:59+00:00 INFO Is weekly report enabled: enable
2022-12-07T13:24:13+00:00 INFO Is weekly report enabled: enable
2022-12-07T13:24:25+00:00 INFO Is weekly report enabled: enable
2022-12-07T13:24:29+00:00 INFO Is weekly report enabled: enable
2022-12-07T13:24:43+00:00 INFO Is weekly report enabled: enable
2022-12-07T13:24:59+00:00 INFO Is weekly report enabled: enable
2022-12-07T13:25:13+00:00 INFO Is weekly report enabled: enable
2022-12-07T13:25:28+00:00 INFO Is weekly report enabled: enable
2022-12-07T13:25:43+00:00 INFO Is weekly report enabled: enable
2022-12-07T13:25:59+00:00 INFO Is weekly report enabled: enable
2022-12-07T13:26:13+00:00 INFO Is weekly report enabled: enable
2022-12-07T13:26:29+00:00 INFO Is weekly report enabled: enable
2022-12-07T13:26:43+00:00 INFO Is weekly report enabled: enable
2022-12-07T13:26:50+00:00 INFO Is weekly report enabled: enable
2022-12-07T13:26:54+00:00 INFO Is weekly report enabled: enable
2022-12-07T13:26:58+00:00 INFO Is weekly report enabled: enable
2022-12-07T13:27:13+00:00 INFO Is weekly report enabled: enable
2022-12-07T13:27:28+00:00 INFO Is weekly report enabled: enable
2022-12-07T13:27:43+00:00 INFO Is weekly report enabled: enable
2022-12-07T13:27:59+00:00 INFO Is weekly report enabled: enable
2022-12-07T13:28:13+00:00 INFO Is weekly report enabled: enable
2022-12-07T13:28:28+00:00 INFO Is weekly report enabled: enable
2022-12-07T13:28:45+00:00 INFO Is weekly report enabled: enable
2022-12-07T13:28:59+00:00 INFO Is weekly report enabled: enable
2022-12-07T13:29:21+00:00 INFO Is weekly report enabled: enable
2022-12-07T13:29:28+00:00 INFO Is weekly report enabled: enable
2022-12-07T13:29:43+00:00 INFO Is weekly report enabled: enable
2022-12-07T13:29:56+00:00 INFO Is weekly report enabled: enable
2022-12-07T13:30:11+00:00 INFO Is weekly report enabled: enable
2022-12-07T13:31:45+00:00 INFO Is weekly report enabled: enable
2022-12-07T13:32:12+00:00 INFO Is weekly report enabled: enable
2022-12-07T13:32:14+00:00 INFO Is weekly report enabled: enable
2022-12-07T13:32:29+00:00 INFO Is weekly report enabled: enable
2022-12-07T13:32:35+00:00 INFO Is weekly report enabled: enable
2022-12-07T13:32:37+00:00 INFO Is weekly report enabled: enable
2022-12-07T13:32:44+00:00 INFO Is weekly report enabled: enable
2022-12-07T13:32:46+00:00 INFO Is weekly report enabled: enable
2022-12-07T13:33:47+00:00 INFO Is weekly report enabled: enable
2022-12-07T13:34:13+00:00 INFO Is weekly report enabled: enable
2022-12-07T13:34:46+00:00 INFO Is weekly report enabled: enable
2022-12-07T13:34:49+00:00 INFO Is weekly report enabled: enable
2022-12-07T13:34:51+00:00 INFO Is weekly report enabled: enable
2022-12-07T13:35:05+00:00 INFO Is weekly report enabled: enable
2022-12-07T13:35:06+00:00 INFO Is weekly report enabled: enable
2022-12-07T13:35:53+00:00 INFO Is weekly report enabled: enable
2022-12-07T13:36:00+00:00 INFO Is weekly report enabled: enable
2022-12-07T13:36:03+00:00 INFO Is weekly report enabled: enable
2022-12-07T13:36:14+00:00 INFO Is weekly report enabled: enable
2022-12-07T13:37:03+00:00 INFO Is weekly report enabled: enable
2022-12-07T13:38:03+00:00 INFO Is weekly report enabled: enable
2022-12-07T13:38:14+00:00 INFO Is weekly report enabled: enable
2022-12-07T13:38:19+00:00 INFO Is weekly report enabled: enable
2022-12-07T13:38:29+00:00 INFO Is weekly report enabled: enable
2022-12-07T13:38:32+00:00 INFO Is weekly report enabled: enable
2022-12-07T13:38:49+00:00 INFO Is weekly report enabled: enable
2022-12-07T13:38:53+00:00 INFO Is weekly report enabled: enable
2022-12-07T13:39:11+00:00 INFO Is weekly report enabled: enable
2022-12-07T13:39:15+00:00 INFO Is weekly report enabled: enable
2022-12-07T13:39:18+00:00 INFO Is weekly report enabled: enable
2022-12-07T13:39:22+00:00 INFO Is weekly report enabled: enable
2022-12-07T13:39:27+00:00 INFO Is weekly report enabled: enable
2022-12-07T13:39:29+00:00 INFO Is weekly report enabled: enable
2022-12-07T13:39:30+00:00 INFO Is weekly report enabled: enable
2022-12-07T13:39:43+00:00 INFO Is weekly report enabled: enable
2022-12-07T13:39:45+00:00 INFO Is weekly report enabled: enable
2022-12-07T13:39:46+00:00 INFO Is weekly report enabled: enable
2022-12-07T13:39:54+00:00 INFO Is weekly report enabled: enable
2022-12-07T13:39:56+00:00 INFO Is weekly report enabled: enable
2022-12-07T13:40:00+00:00 INFO Is weekly report enabled: enable
2022-12-07T13:40:00+00:00 INFO Is weekly report enabled: enable
2022-12-07T13:40:03+00:00 INFO Is weekly report enabled: enable
2022-12-07T13:40:05+00:00 INFO Is weekly report enabled: enable
2022-12-07T13:40:06+00:00 INFO Is weekly report enabled: enable
2022-12-07T13:40:21+00:00 INFO Is weekly report enabled: enable
2022-12-07T13:40:21+00:00 INFO Is weekly report enabled: enable
2022-12-07T13:40:22+00:00 INFO Is weekly report enabled: enable
2022-12-07T13:40:24+00:00 INFO Is weekly report enabled: enable
2022-12-07T13:40:26+00:00 INFO Is weekly report enabled: enable
2022-12-07T13:40:31+00:00 INFO Is weekly report enabled: enable
2022-12-07T13:40:34+00:00 INFO Is weekly report enabled: enable
2022-12-07T13:40:38+00:00 INFO Is weekly report enabled: enable
2022-12-07T13:40:38+00:00 INFO Is weekly report enabled: enable
2022-12-07T13:40:44+00:00 INFO Is weekly report enabled: enable
2022-12-07T13:40:46+00:00 INFO Is weekly report enabled: enable
2022-12-07T13:40:47+00:00 INFO Is weekly report enabled: enable
2022-12-07T13:41:02+00:00 INFO Is weekly report enabled: enable
2022-12-07T13:49:45+00:00 INFO Is weekly report enabled: enable
2022-12-07T13:50:40+00:00 INFO Is weekly report enabled: enable
2022-12-07T13:51:53+00:00 INFO Is weekly report enabled: enable
2022-12-07T13:52:07+00:00 INFO Is weekly report enabled: enable
2022-12-07T13:54:09+00:00 INFO Is weekly report enabled: enable
2022-12-07T13:55:00+00:00 INFO Is weekly report enabled: enable
2022-12-07T13:55:15+00:00 INFO Is weekly report enabled: enable
2022-12-07T13:57:17+00:00 INFO Is weekly report enabled: enable
2022-12-07T13:57:33+00:00 INFO Is weekly report enabled: enable
2022-12-07T13:57:49+00:00 INFO Is weekly report enabled: enable
2022-12-07T13:59:52+00:00 INFO Is weekly report enabled: enable
2022-12-07T14:00:53+00:00 INFO Is weekly report enabled: enable
2022-12-07T14:01:07+00:00 INFO Is weekly report enabled: enable
2022-12-07T14:03:09+00:00 INFO Is weekly report enabled: enable
2022-12-07T14:03:36+00:00 INFO Is weekly report enabled: enable
2022-12-07T14:03:51+00:00 INFO Is weekly report enabled: enable
2022-12-07T14:04:07+00:00 INFO Is weekly report enabled: enable
2022-12-07T14:04:21+00:00 INFO Is weekly report enabled: enable
2022-12-07T14:04:36+00:00 INFO Is weekly report enabled: enable
2022-12-07T14:04:51+00:00 INFO Is weekly report enabled: enable
2022-12-07T14:05:06+00:00 INFO Is weekly report enabled: enable
2022-12-07T14:05:15+00:00 INFO Is weekly report enabled: enable
2022-12-07T14:05:20+00:00 INFO Is weekly report enabled: enable
2022-12-07T14:05:20+00:00 INFO Is weekly report enabled: enable
2022-12-07T14:05:33+00:00 INFO Is weekly report enabled: enable
2022-12-07T14:05:35+00:00 INFO Is weekly report enabled: enable
2022-12-07T14:05:43+00:00 INFO Is weekly report enabled: enable
2022-12-07T14:05:49+00:00 INFO Is weekly report enabled: enable
2022-12-07T14:05:50+00:00 INFO Is weekly report enabled: enable
2022-12-07T14:05:52+00:00 INFO Is weekly report enabled: enable
2022-12-07T14:05:59+00:00 INFO Is weekly report enabled: enable
2022-12-07T14:06:00+00:00 INFO Is weekly report enabled: enable
2022-12-07T14:06:03+00:00 INFO Is weekly report enabled: enable
2022-12-07T14:06:04+00:00 INFO Is weekly report enabled: enable
2022-12-07T14:06:05+00:00 INFO Is weekly report enabled: enable
2022-12-07T14:06:05+00:00 INFO Is weekly report enabled: enable
2022-12-07T14:06:05+00:00 INFO Is weekly report enabled: enable
2022-12-07T14:06:11+00:00 INFO Is weekly report enabled: enable
2022-12-07T14:06:20+00:00 INFO Is weekly report enabled: enable
2022-12-07T14:06:23+00:00 INFO Is weekly report enabled: enable
2022-12-07T14:06:30+00:00 INFO Is weekly report enabled: enable
2022-12-07T14:06:30+00:00 INFO Is weekly report enabled: enable
2022-12-07T14:06:35+00:00 INFO Is weekly report enabled: enable
2022-12-07T14:06:57+00:00 INFO Is weekly report enabled: enable
2022-12-07T14:07:01+00:00 INFO Is weekly report enabled: enable
2022-12-07T14:07:09+00:00 INFO Is weekly report enabled: enable
2022-12-07T14:07:14+00:00 INFO Is weekly report enabled: enable
2022-12-07T14:07:31+00:00 INFO Is weekly report enabled: enable
2022-12-07T14:07:34+00:00 INFO Is weekly report enabled: enable
2022-12-07T14:07:38+00:00 INFO Is weekly report enabled: enable
2022-12-07T14:07:39+00:00 INFO Is weekly report enabled: enable
2022-12-07T14:07:49+00:00 INFO Is weekly report enabled: enable
2022-12-07T14:07:55+00:00 INFO Is weekly report enabled: enable
2022-12-07T14:07:55+00:00 INFO Is weekly report enabled: enable
2022-12-07T14:08:04+00:00 INFO Is weekly report enabled: enable
2022-12-07T14:08:09+00:00 INFO Is weekly report enabled: enable
2022-12-07T14:08:11+00:00 INFO Is weekly report enabled: enable
2022-12-07T14:08:11+00:00 INFO Is weekly report enabled: enable
2022-12-07T14:08:24+00:00 INFO Is weekly report enabled: enable
2022-12-07T14:08:39+00:00 INFO Is weekly report enabled: enable
2022-12-07T14:08:48+00:00 INFO Is weekly report enabled: enable
2022-12-07T14:08:49+00:00 INFO Is weekly report enabled: enable
2022-12-07T14:08:54+00:00 INFO Is weekly report enabled: enable
2022-12-07T14:08:59+00:00 INFO Is weekly report enabled: enable
2022-12-07T14:09:00+00:00 INFO Is weekly report enabled: enable
2022-12-07T14:09:02+00:00 INFO Is weekly report enabled: enable
2022-12-07T14:09:03+00:00 INFO Is weekly report enabled: enable
2022-12-07T14:09:05+00:00 INFO Is weekly report enabled: enable
2022-12-07T14:09:06+00:00 INFO Is weekly report enabled: enable
2022-12-07T14:09:08+00:00 INFO Is weekly report enabled: enable
2022-12-07T14:09:19+00:00 INFO Is weekly report enabled: enable
2022-12-07T14:09:24+00:00 INFO Is weekly report enabled: enable
2022-12-07T14:09:25+00:00 INFO Is weekly report enabled: enable
2022-12-07T14:10:20+00:00 INFO Is weekly report enabled: enable
2022-12-07T14:11:26+00:00 INFO Is weekly report enabled: enable
2022-12-07T14:11:35+00:00 INFO Is weekly report enabled: enable
2022-12-07T14:12:26+00:00 INFO Is weekly report enabled: enable
2022-12-07T14:13:26+00:00 INFO Is weekly report enabled: enable
2022-12-07T14:15:26+00:00 INFO Is weekly report enabled: enable
2022-12-07T14:17:49+00:00 INFO Is weekly report enabled: enable
2022-12-07T14:17:55+00:00 INFO Is weekly report enabled: enable
2022-12-07T14:18:11+00:00 INFO Is weekly report enabled: enable
2022-12-07T14:18:42+00:00 INFO Is weekly report enabled: enable
2022-12-07T14:18:46+00:00 INFO Is weekly report enabled: enable
2022-12-07T14:18:50+00:00 INFO Is weekly report enabled: enable
2022-12-07T14:19:30+00:00 INFO Is weekly report enabled: enable
2022-12-07T14:19:55+00:00 INFO Is weekly report enabled: enable
2022-12-07T14:19:59+00:00 INFO Is weekly report enabled: enable
2022-12-07T14:20:30+00:00 INFO Is weekly report enabled: enable
2022-12-07T14:20:55+00:00 INFO Is weekly report enabled: enable
2022-12-07T14:21:21+00:00 INFO Is weekly report enabled: enable
2022-12-07T14:21:55+00:00 INFO Is weekly report enabled: enable
2022-12-07T14:22:56+00:00 INFO Is weekly report enabled: enable
2022-12-07T14:23:55+00:00 INFO Is weekly report enabled: enable
2022-12-07T14:25:56+00:00 INFO Is weekly report enabled: enable
2022-12-07T14:28:08+00:00 INFO Is weekly report enabled: enable
2022-12-07T14:29:13+00:00 INFO Is weekly report enabled: enable
2022-12-07T14:31:14+00:00 INFO Is weekly report enabled: enable
2022-12-07T14:33:14+00:00 INFO Is weekly report enabled: enable
2022-12-07T14:35:16+00:00 INFO Is weekly report enabled: enable
2022-12-07T14:36:38+00:00 INFO Is weekly report enabled: enable
2022-12-07T14:38:38+00:00 INFO Is weekly report enabled: enable
2022-12-07T14:40:38+00:00 INFO Is weekly report enabled: enable
2022-12-07T14:42:39+00:00 INFO Is weekly report enabled: enable
2022-12-07T14:44:51+00:00 INFO Is weekly report enabled: enable
2022-12-07T14:46:40+00:00 INFO Is weekly report enabled: enable
2022-12-07T14:56:57+00:00 INFO Is weekly report enabled: enable
2022-12-07T14:57:07+00:00 INFO Is weekly report enabled: enable
2022-12-07T14:57:27+00:00 INFO Is weekly report enabled: enable
2022-12-07T14:57:35+00:00 INFO Is weekly report enabled: enable
2022-12-07T14:57:58+00:00 INFO Is weekly report enabled: enable
2022-12-07T14:58:25+00:00 INFO Is weekly report enabled: enable
2022-12-07T14:58:35+00:00 INFO Is weekly report enabled: enable
2022-12-07T14:58:36+00:00 INFO Is weekly report enabled: enable
2022-12-07T14:58:53+00:00 INFO Is weekly report enabled: enable
2022-12-07T14:58:57+00:00 INFO Is weekly report enabled: enable
2022-12-07T14:58:59+00:00 INFO Is weekly report enabled: enable
2022-12-07T14:59:07+00:00 INFO Is weekly report enabled: enable
2022-12-07T14:59:07+00:00 INFO Is weekly report enabled: enable
2022-12-07T14:59:18+00:00 INFO Is weekly report enabled: enable
2022-12-07T14:59:36+00:00 INFO Is weekly report enabled: enable
2022-12-07T14:59:58+00:00 INFO Is weekly report enabled: enable
2022-12-07T14:59:58+00:00 INFO Is weekly report enabled: enable
2022-12-07T15:00:58+00:00 INFO Is weekly report enabled: enable
2022-12-07T15:02:58+00:00 INFO Is weekly report enabled: enable
2022-12-07T15:04:59+00:00 INFO Is weekly report enabled: enable
2022-12-07T15:06:15+00:00 INFO Is weekly report enabled: enable
2022-12-07T15:06:48+00:00 INFO Is weekly report enabled: enable
2022-12-07T15:06:51+00:00 INFO Is weekly report enabled: enable
2022-12-07T15:06:53+00:00 INFO Is weekly report enabled: enable
2022-12-07T15:06:58+00:00 INFO Is weekly report enabled: enable
2022-12-07T15:07:06+00:00 INFO Is weekly report enabled: enable
2022-12-07T15:07:21+00:00 INFO Is weekly report enabled: enable
2022-12-07T15:07:37+00:00 INFO Is weekly report enabled: enable
2022-12-07T15:07:51+00:00 INFO Is weekly report enabled: enable
2022-12-07T15:08:02+00:00 INFO Is weekly report enabled: enable
2022-12-07T15:08:05+00:00 INFO Is weekly report enabled: enable
2022-12-07T15:09:21+00:00 INFO Is weekly report enabled: enable
2022-12-07T15:09:33+00:00 INFO Is weekly report enabled: enable
2022-12-07T15:09:34+00:00 INFO Is weekly report enabled: enable
2022-12-07T15:09:40+00:00 INFO Is weekly report enabled: enable
2022-12-07T15:09:50+00:00 INFO Is weekly report enabled: enable
2022-12-07T15:10:40+00:00 INFO Is weekly report enabled: enable
2022-12-07T15:10:42+00:00 INFO Is weekly report enabled: enable
2022-12-07T15:10:46+00:00 INFO Is weekly report enabled: enable
2022-12-07T15:10:49+00:00 INFO Is weekly report enabled: enable
2022-12-07T15:11:04+00:00 INFO Is weekly report enabled: enable
2022-12-07T15:11:04+00:00 INFO Is weekly report enabled: enable
2022-12-07T15:11:06+00:00 INFO Is weekly report enabled: enable
2022-12-07T15:11:09+00:00 INFO Is weekly report enabled: enable
2022-12-07T15:11:15+00:00 INFO Is weekly report enabled: enable
2022-12-07T15:11:16+00:00 INFO Is weekly report enabled: enable
2022-12-07T15:11:19+00:00 INFO Is weekly report enabled: enable
2022-12-07T15:11:42+00:00 INFO Is weekly report enabled: enable
2022-12-07T15:11:45+00:00 INFO Is weekly report enabled: enable
2022-12-07T15:11:45+00:00 INFO Is weekly report enabled: enable
2022-12-07T15:11:52+00:00 INFO Is weekly report enabled: enable
2022-12-07T15:11:53+00:00 INFO Is weekly report enabled: enable
2022-12-07T15:11:58+00:00 INFO Is weekly report enabled: enable
2022-12-07T15:12:00+00:00 INFO Is weekly report enabled: enable
2022-12-07T15:12:00+00:00 INFO Is weekly report enabled: enable
2022-12-07T15:12:09+00:00 INFO Is weekly report enabled: enable
2022-12-07T15:12:13+00:00 INFO Is weekly report enabled: enable
2022-12-07T15:12:13+00:00 INFO Is weekly report enabled: enable
2022-12-07T15:12:14+00:00 INFO Is weekly report enabled: enable
2022-12-07T15:12:30+00:00 INFO Is weekly report enabled: enable
2022-12-07T15:12:45+00:00 INFO Is weekly report enabled: enable
2022-12-07T15:12:46+00:00 INFO Is weekly report enabled: enable
2022-12-07T15:12:49+00:00 INFO Is weekly report enabled: enable
2022-12-07T15:13:32+00:00 INFO Is weekly report enabled: enable
2022-12-07T15:13:54+00:00 INFO Is weekly report enabled: enable
2022-12-07T15:14:17+00:00 INFO Is weekly report enabled: enable
2022-12-07T15:14:20+00:00 INFO Is weekly report enabled: enable
2022-12-07T15:14:35+00:00 INFO Is weekly report enabled: enable
2022-12-07T15:15:39+00:00 INFO Is weekly report enabled: enable
2022-12-07T15:15:51+00:00 INFO Is weekly report enabled: enable
2022-12-07T15:15:53+00:00 INFO Is weekly report enabled: enable
2022-12-07T15:16:07+00:00 INFO Is weekly report enabled: enable
2022-12-07T15:16:10+00:00 INFO Is weekly report enabled: enable
2022-12-07T15:16:10+00:00 INFO Is weekly report enabled: enable
2022-12-07T15:16:15+00:00 INFO Is weekly report enabled: enable
2022-12-07T15:16:24+00:00 INFO Is weekly report enabled: enable
2022-12-07T15:16:40+00:00 INFO Is weekly report enabled: enable
2022-12-07T15:16:55+00:00 INFO Is weekly report enabled: enable
2022-12-07T15:17:09+00:00 INFO Is weekly report enabled: enable
2022-12-07T15:17:19+00:00 INFO Is weekly report enabled: enable
2022-12-07T15:17:21+00:00 INFO Is weekly report enabled: enable
2022-12-07T15:17:25+00:00 INFO Is weekly report enabled: enable
2022-12-07T15:17:39+00:00 INFO Is weekly report enabled: enable
2022-12-07T15:17:55+00:00 INFO Is weekly report enabled: enable
2022-12-07T15:17:55+00:00 INFO Is weekly report enabled: enable
2022-12-07T15:18:10+00:00 INFO Is weekly report enabled: enable
2022-12-07T15:18:24+00:00 INFO Is weekly report enabled: enable
2022-12-07T15:18:40+00:00 INFO Is weekly report enabled: enable
2022-12-07T15:18:56+00:00 INFO Is weekly report enabled: enable
2022-12-07T15:19:10+00:00 INFO Is weekly report enabled: enable
2022-12-07T15:19:25+00:00 INFO Is weekly report enabled: enable
2022-12-07T15:19:39+00:00 INFO Is weekly report enabled: enable
2022-12-07T15:19:56+00:00 INFO Is weekly report enabled: enable
2022-12-07T15:19:56+00:00 INFO Is weekly report enabled: enable
2022-12-07T15:20:11+00:00 INFO Is weekly report enabled: enable
2022-12-07T15:20:25+00:00 INFO Is weekly report enabled: enable
2022-12-07T15:20:40+00:00 INFO Is weekly report enabled: enable
2022-12-07T15:20:55+00:00 INFO Is weekly report enabled: enable
2022-12-07T15:21:11+00:00 INFO Is weekly report enabled: enable
2022-12-07T15:21:26+00:00 INFO Is weekly report enabled: enable
2022-12-07T15:21:40+00:00 INFO Is weekly report enabled: enable
2022-12-07T15:21:56+00:00 INFO Is weekly report enabled: enable
2022-12-07T15:21:56+00:00 INFO Is weekly report enabled: enable
2022-12-07T15:22:10+00:00 INFO Is weekly report enabled: enable
2022-12-07T15:22:24+00:00 INFO Is weekly report enabled: enable
2022-12-07T15:22:40+00:00 INFO Is weekly report enabled: enable
2022-12-07T15:22:56+00:00 INFO Is weekly report enabled: enable
2022-12-07T15:23:10+00:00 INFO Is weekly report enabled: enable
2022-12-07T15:23:25+00:00 INFO Is weekly report enabled: enable
2022-12-07T15:23:40+00:00 INFO Is weekly report enabled: enable
2022-12-07T15:23:41+00:00 INFO Is weekly report enabled: enable
2022-12-07T15:23:45+00:00 INFO Is weekly report enabled: enable
2022-12-07T15:23:58+00:00 INFO Is weekly report enabled: enable
2022-12-07T15:24:21+00:00 INFO Is weekly report enabled: enable
2022-12-07T15:24:22+00:00 INFO Is weekly report enabled: enable
2022-12-07T15:24:25+00:00 INFO Is weekly report enabled: enable
2022-12-07T15:24:25+00:00 INFO Is weekly report enabled: enable
2022-12-07T15:24:35+00:00 INFO Is weekly report enabled: enable
2022-12-07T15:24:40+00:00 INFO Is weekly report enabled: enable
2022-12-07T15:24:56+00:00 INFO Is weekly report enabled: enable
2022-12-07T15:25:11+00:00 INFO Is weekly report enabled: enable
2022-12-07T15:25:25+00:00 INFO Is weekly report enabled: enable
2022-12-07T15:25:40+00:00 INFO Is weekly report enabled: enable
2022-12-07T15:25:55+00:00 INFO Is weekly report enabled: enable
2022-12-07T15:25:58+00:00 INFO Is weekly report enabled: enable
2022-12-07T15:26:00+00:00 INFO Is weekly report enabled: enable
2022-12-07T15:26:04+00:00 INFO Is weekly report enabled: enable
2022-12-07T15:26:05+00:00 INFO Is weekly report enabled: enable
2022-12-07T15:26:11+00:00 INFO Is weekly report enabled: enable
2022-12-07T15:26:25+00:00 INFO Is weekly report enabled: enable
2022-12-07T15:26:40+00:00 INFO Is weekly report enabled: enable
2022-12-07T15:26:56+00:00 INFO Is weekly report enabled: enable
2022-12-07T15:27:10+00:00 INFO Is weekly report enabled: enable
2022-12-07T15:27:25+00:00 INFO Is weekly report enabled: enable
2022-12-07T15:27:40+00:00 INFO Is weekly report enabled: enable
2022-12-07T15:27:56+00:00 INFO Is weekly report enabled: enable
2022-12-07T15:27:59+00:00 INFO Is weekly report enabled: enable
2022-12-07T15:28:10+00:00 INFO Is weekly report enabled: enable
2022-12-07T15:28:25+00:00 INFO Is weekly report enabled: enable
2022-12-07T15:28:40+00:00 INFO Is weekly report enabled: enable
2022-12-07T15:28:56+00:00 INFO Is weekly report enabled: enable
2022-12-07T15:29:10+00:00 INFO Is weekly report enabled: enable
2022-12-07T15:29:25+00:00 INFO Is weekly report enabled: enable
2022-12-07T15:29:40+00:00 INFO Is weekly report enabled: enable
2022-12-07T15:29:56+00:00 INFO Is weekly report enabled: enable
2022-12-07T15:30:01+00:00 INFO Is weekly report enabled: enable
2022-12-07T15:30:10+00:00 INFO Is weekly report enabled: enable
2022-12-07T15:30:25+00:00 INFO Is weekly report enabled: enable
2022-12-07T15:30:40+00:00 INFO Is weekly report enabled: enable
2022-12-07T15:30:55+00:00 INFO Is weekly report enabled: enable
2022-12-07T15:31:11+00:00 INFO Is weekly report enabled: enable
2022-12-07T15:31:25+00:00 INFO Is weekly report enabled: enable
2022-12-07T15:31:40+00:00 INFO Is weekly report enabled: enable
2022-12-07T15:31:56+00:00 INFO Is weekly report enabled: enable
2022-12-07T15:32:02+00:00 INFO Is weekly report enabled: enable
2022-12-07T15:32:10+00:00 INFO Is weekly report enabled: enable
2022-12-07T15:32:25+00:00 INFO Is weekly report enabled: enable
2022-12-07T15:32:40+00:00 INFO Is weekly report enabled: enable
2022-12-07T15:32:56+00:00 INFO Is weekly report enabled: enable
2022-12-07T15:33:10+00:00 INFO Is weekly report enabled: enable
2022-12-07T15:33:25+00:00 INFO Is weekly report enabled: enable
2022-12-07T15:33:40+00:00 INFO Is weekly report enabled: enable
2022-12-07T15:33:56+00:00 INFO Is weekly report enabled: enable
2022-12-07T15:34:02+00:00 INFO Is weekly report enabled: enable
2022-12-07T15:34:10+00:00 INFO Is weekly report enabled: enable
2022-12-07T15:34:25+00:00 INFO Is weekly report enabled: enable
2022-12-07T15:34:40+00:00 INFO Is weekly report enabled: enable
2022-12-07T15:34:56+00:00 INFO Is weekly report enabled: enable
2022-12-07T15:35:11+00:00 INFO Is weekly report enabled: enable
2022-12-07T15:35:25+00:00 INFO Is weekly report enabled: enable
2022-12-07T15:35:40+00:00 INFO Is weekly report enabled: enable
2022-12-07T15:35:55+00:00 INFO Is weekly report enabled: enable
2022-12-07T15:36:03+00:00 INFO Is weekly report enabled: enable
2022-12-07T15:36:10+00:00 INFO Is weekly report enabled: enable
2022-12-07T15:38:05+00:00 INFO Is weekly report enabled: enable
2022-12-07T15:38:11+00:00 INFO Is weekly report enabled: enable
2022-12-07T15:39:14+00:00 INFO Is weekly report enabled: enable
2022-12-07T15:39:36+00:00 INFO Is weekly report enabled: enable
2022-12-07T15:39:39+00:00 INFO Is weekly report enabled: enable
2022-12-07T15:39:40+00:00 INFO Is weekly report enabled: enable
2022-12-07T15:39:46+00:00 INFO Is weekly report enabled: enable
2022-12-07T15:39:55+00:00 INFO Is weekly report enabled: enable
2022-12-07T15:40:06+00:00 INFO Is weekly report enabled: enable
2022-12-07T15:40:08+00:00 INFO Is weekly report enabled: enable
2022-12-07T15:40:10+00:00 INFO Is weekly report enabled: enable
2022-12-07T15:40:25+00:00 INFO Is weekly report enabled: enable
2022-12-07T15:40:39+00:00 INFO Is weekly report enabled: enable
2022-12-07T15:40:54+00:00 INFO Is weekly report enabled: enable
2022-12-07T15:41:11+00:00 INFO Is weekly report enabled: enable
2022-12-07T15:41:25+00:00 INFO Is weekly report enabled: enable
2022-12-07T15:41:39+00:00 INFO Is weekly report enabled: enable
2022-12-07T15:41:46+00:00 INFO Is weekly report enabled: enable
2022-12-07T15:41:51+00:00 INFO Is weekly report enabled: enable
2022-12-07T15:41:56+00:00 INFO Is weekly report enabled: enable
2022-12-07T15:41:57+00:00 INFO Is weekly report enabled: enable
2022-12-07T15:42:03+00:00 INFO Is weekly report enabled: enable
2022-12-07T15:42:06+00:00 INFO Is weekly report enabled: enable
2022-12-07T15:42:07+00:00 INFO Is weekly report enabled: enable
2022-12-07T15:42:07+00:00 INFO Is weekly report enabled: enable
2022-12-07T15:42:09+00:00 INFO Is weekly report enabled: enable
2022-12-07T15:42:25+00:00 INFO Is weekly report enabled: enable
2022-12-07T15:42:32+00:00 INFO Is weekly report enabled: enable
2022-12-07T15:42:38+00:00 INFO Is weekly report enabled: enable
2022-12-07T15:42:41+00:00 INFO Is weekly report enabled: enable
2022-12-07T15:42:53+00:00 INFO Is weekly report enabled: enable
2022-12-07T15:42:55+00:00 INFO Is weekly report enabled: enable
2022-12-07T15:42:56+00:00 INFO Is weekly report enabled: enable
2022-12-07T15:42:59+00:00 INFO Is weekly report enabled: enable
2022-12-07T15:43:06+00:00 INFO Is weekly report enabled: enable
2022-12-07T15:43:46+00:00 INFO Is weekly report enabled: enable
2022-12-07T15:43:49+00:00 INFO Is weekly report enabled: enable
2022-12-07T15:43:50+00:00 INFO Is weekly report enabled: enable
2022-12-07T15:43:58+00:00 INFO Is weekly report enabled: enable
2022-12-07T15:44:01+00:00 INFO Is weekly report enabled: enable
2022-12-07T15:44:07+00:00 INFO Is weekly report enabled: enable
2022-12-07T15:44:16+00:00 INFO Is weekly report enabled: enable
2022-12-07T15:44:18+00:00 INFO Is weekly report enabled: enable
2022-12-07T15:44:22+00:00 INFO Is weekly report enabled: enable
2022-12-07T15:44:33+00:00 INFO Is weekly report enabled: enable
2022-12-07T15:44:37+00:00 INFO Is weekly report enabled: enable
2022-12-07T15:44:48+00:00 INFO Is weekly report enabled: enable
2022-12-07T15:44:50+00:00 INFO Is weekly report enabled: enable
2022-12-07T15:44:51+00:00 INFO Is weekly report enabled: enable
2022-12-07T15:46:09+00:00 INFO Is weekly report enabled: enable
2022-12-07T15:48:10+00:00 INFO Is weekly report enabled: enable
2022-12-07T15:50:11+00:00 INFO Is weekly report enabled: enable
2022-12-07T15:52:12+00:00 INFO Is weekly report enabled: enable
2022-12-07T15:52:27+00:00 INFO Is weekly report enabled: enable
2022-12-07T15:52:31+00:00 INFO Is weekly report enabled: enable
2022-12-07T15:52:42+00:00 INFO Is weekly report enabled: enable
2022-12-07T15:52:50+00:00 INFO Is weekly report enabled: enable
2022-12-07T15:53:07+00:00 INFO Is weekly report enabled: enable
2022-12-07T15:53:16+00:00 INFO Is weekly report enabled: enable
2022-12-07T15:53:36+00:00 INFO Is weekly report enabled: enable
2022-12-07T15:53:53+00:00 INFO Is weekly report enabled: enable
2022-12-07T15:54:35+00:00 INFO Is weekly report enabled: enable
2022-12-07T15:54:43+00:00 INFO Is weekly report enabled: enable
2022-12-07T15:55:06+00:00 INFO Is weekly report enabled: enable
2022-12-07T15:55:12+00:00 INFO Is weekly report enabled: enable
2022-12-07T15:55:18+00:00 INFO Is weekly report enabled: enable
2022-12-07T15:55:51+00:00 INFO Is weekly report enabled: enable
2022-12-07T15:56:08+00:00 INFO Is weekly report enabled: enable
2022-12-07T15:56:18+00:00 INFO Is weekly report enabled: enable
2022-12-07T15:56:21+00:00 INFO Is weekly report enabled: enable
2022-12-07T15:56:41+00:00 INFO Is weekly report enabled: enable
2022-12-07T15:56:44+00:00 INFO Is weekly report enabled: enable
2022-12-07T15:57:02+00:00 INFO Is weekly report enabled: enable
2022-12-07T15:57:11+00:00 INFO Is weekly report enabled: enable
2022-12-07T15:57:28+00:00 INFO Is weekly report enabled: enable
2022-12-07T15:57:44+00:00 INFO Is weekly report enabled: enable
2022-12-07T15:57:59+00:00 INFO Is weekly report enabled: enable
2022-12-07T15:58:06+00:00 INFO Is weekly report enabled: enable
2022-12-07T15:58:16+00:00 INFO Is weekly report enabled: enable
2022-12-07T15:58:39+00:00 INFO Is weekly report enabled: enable
2022-12-07T15:58:46+00:00 INFO Is weekly report enabled: enable
2022-12-07T15:58:48+00:00 INFO Is weekly report enabled: enable
2022-12-07T15:59:13+00:00 INFO Is weekly report enabled: enable
2022-12-07T16:00:16+00:00 INFO Is weekly report enabled: enable
2022-12-07T16:00:46+00:00 INFO Is weekly report enabled: enable
2022-12-07T16:01:19+00:00 INFO Is weekly report enabled: enable
2022-12-07T16:02:39+00:00 INFO Is weekly report enabled: enable
2022-12-07T16:02:48+00:00 INFO Is weekly report enabled: enable
2022-12-07T16:04:40+00:00 INFO Is weekly report enabled: enable
2022-12-07T16:04:49+00:00 INFO Is weekly report enabled: enable
2022-12-07T16:06:40+00:00 INFO Is weekly report enabled: enable
2022-12-07T16:06:50+00:00 INFO Is weekly report enabled: enable
2022-12-07T16:08:42+00:00 INFO Is weekly report enabled: enable
2022-12-07T16:08:51+00:00 INFO Is weekly report enabled: enable
2022-12-07T16:10:43+00:00 INFO Is weekly report enabled: enable
2022-12-07T16:10:53+00:00 INFO Is weekly report enabled: enable
2022-12-07T16:12:43+00:00 INFO Is weekly report enabled: enable
2022-12-07T16:12:53+00:00 INFO Is weekly report enabled: enable
2022-12-07T16:14:54+00:00 INFO Is weekly report enabled: enable
2022-12-07T16:16:55+00:00 INFO Is weekly report enabled: enable
2022-12-07T16:18:56+00:00 INFO Is weekly report enabled: enable
2022-12-07T16:20:57+00:00 INFO Is weekly report enabled: enable
2022-12-07T16:22:58+00:00 INFO Is weekly report enabled: enable
2022-12-07T16:23:45+00:00 INFO Is weekly report enabled: enable
2022-12-07T16:23:49+00:00 INFO Is weekly report enabled: enable
2022-12-07T17:58:46+00:00 INFO Is weekly report enabled: enable
2022-12-07T17:58:52+00:00 INFO Is weekly report enabled: enable
2022-12-07T17:59:38+00:00 INFO Is weekly report enabled: enable
2022-12-07T18:00:29+00:00 INFO Is weekly report enabled: enable
2022-12-07T18:00:41+00:00 INFO Is weekly report enabled: enable
2022-12-07T18:00:54+00:00 INFO Is weekly report enabled: enable
2022-12-07T18:01:17+00:00 INFO Is weekly report enabled: enable
2022-12-07T18:28:40+00:00 INFO Is weekly report enabled: enable
2022-12-07T18:28:42+00:00 INFO Is weekly report enabled: enable
2022-12-07T18:28:42+00:00 INFO Is weekly report enabled: enable
2022-12-07T18:28:52+00:00 INFO Is weekly report enabled: enable
2022-12-07T18:28:57+00:00 INFO Is weekly report enabled: enable
2022-12-07T18:29:12+00:00 INFO Is weekly report enabled: enable
2022-12-07T18:29:57+00:00 INFO Is weekly report enabled: enable
2022-12-07T18:30:00+00:00 INFO Is weekly report enabled: enable
2022-12-07T18:31:13+00:00 INFO Is weekly report enabled: enable
2022-12-07T18:33:14+00:00 INFO Is weekly report enabled: enable
2022-12-07T18:35:15+00:00 INFO Is weekly report enabled: enable
2022-12-07T18:37:16+00:00 INFO Is weekly report enabled: enable
2022-12-07T18:39:17+00:00 INFO Is weekly report enabled: enable
2022-12-07T18:41:19+00:00 INFO Is weekly report enabled: enable
2022-12-07T18:43:20+00:00 INFO Is weekly report enabled: enable
2022-12-07T18:45:21+00:00 INFO Is weekly report enabled: enable
2022-12-07T18:47:22+00:00 INFO Is weekly report enabled: enable
2022-12-07T18:49:22+00:00 INFO Is weekly report enabled: enable
2022-12-07T18:51:24+00:00 INFO Is weekly report enabled: enable
2022-12-07T18:53:25+00:00 INFO Is weekly report enabled: enable
2022-12-07T18:55:26+00:00 INFO Is weekly report enabled: enable
2022-12-07T18:57:26+00:00 INFO Is weekly report enabled: enable
2022-12-07T18:59:27+00:00 INFO Is weekly report enabled: enable
2022-12-07T19:01:28+00:00 INFO Is weekly report enabled: enable
2022-12-07T19:03:30+00:00 INFO Is weekly report enabled: enable
2022-12-07T19:03:33+00:00 INFO Is weekly report enabled: enable
2022-12-07T19:05:30+00:00 INFO Is weekly report enabled: enable
2022-12-07T19:07:31+00:00 INFO Is weekly report enabled: enable
2022-12-07T19:09:32+00:00 INFO Is weekly report enabled: enable
2022-12-07T19:11:34+00:00 INFO Is weekly report enabled: enable
2022-12-07T19:13:34+00:00 INFO Is weekly report enabled: enable
2022-12-07T19:15:36+00:00 INFO Is weekly report enabled: enable
2022-12-07T19:17:36+00:00 INFO Is weekly report enabled: enable
2022-12-07T19:19:37+00:00 INFO Is weekly report enabled: enable
2022-12-07T19:21:38+00:00 INFO Is weekly report enabled: enable
2022-12-07T19:23:39+00:00 INFO Is weekly report enabled: enable
2022-12-07T19:25:41+00:00 INFO Is weekly report enabled: enable
2022-12-07T19:27:41+00:00 INFO Is weekly report enabled: enable
2022-12-07T19:29:42+00:00 INFO Is weekly report enabled: enable
2022-12-07T19:31:43+00:00 INFO Is weekly report enabled: enable
2022-12-07T19:33:44+00:00 INFO Is weekly report enabled: enable
2022-12-07T19:35:45+00:00 INFO Is weekly report enabled: enable
2022-12-07T19:37:46+00:00 INFO Is weekly report enabled: enable
2022-12-07T19:39:47+00:00 INFO Is weekly report enabled: enable
2022-12-07T19:41:49+00:00 INFO Is weekly report enabled: enable
2022-12-07T19:43:49+00:00 INFO Is weekly report enabled: enable
2022-12-07T19:45:51+00:00 INFO Is weekly report enabled: enable
2022-12-07T19:47:51+00:00 INFO Is weekly report enabled: enable
2022-12-07T19:49:52+00:00 INFO Is weekly report enabled: enable
2022-12-07T19:51:53+00:00 INFO Is weekly report enabled: enable
2022-12-07T19:53:54+00:00 INFO Is weekly report enabled: enable
2022-12-07T19:55:55+00:00 INFO Is weekly report enabled: enable
2022-12-07T19:57:56+00:00 INFO Is weekly report enabled: enable
2022-12-07T19:59:57+00:00 INFO Is weekly report enabled: enable
2022-12-07T20:01:59+00:00 INFO Is weekly report enabled: enable
2022-12-07T20:03:59+00:00 INFO Is weekly report enabled: enable
2022-12-07T20:06:00+00:00 INFO Is weekly report enabled: enable
2022-12-07T20:08:01+00:00 INFO Is weekly report enabled: enable
2022-12-07T20:10:02+00:00 INFO Is weekly report enabled: enable
2022-12-07T20:12:03+00:00 INFO Is weekly report enabled: enable
2022-12-07T20:14:04+00:00 INFO Is weekly report enabled: enable
2022-12-07T20:16:06+00:00 INFO Is weekly report enabled: enable
2022-12-07T20:18:07+00:00 INFO Is weekly report enabled: enable
2022-12-07T20:20:08+00:00 INFO Is weekly report enabled: enable
2022-12-07T20:22:09+00:00 INFO Is weekly report enabled: enable
2022-12-07T20:24:10+00:00 INFO Is weekly report enabled: enable
2022-12-07T20:26:11+00:00 INFO Is weekly report enabled: enable
2022-12-07T20:28:12+00:00 INFO Is weekly report enabled: enable
2022-12-07T20:30:13+00:00 INFO Is weekly report enabled: enable
2022-12-07T20:32:14+00:00 INFO Is weekly report enabled: enable
2022-12-07T20:34:15+00:00 INFO Is weekly report enabled: enable
2022-12-07T20:36:16+00:00 INFO Is weekly report enabled: enable
2022-12-07T20:38:18+00:00 INFO Is weekly report enabled: enable
2022-12-07T20:40:18+00:00 INFO Is weekly report enabled: enable
2022-12-07T20:42:21+00:00 INFO Is weekly report enabled: enable
2022-12-07T20:44:21+00:00 INFO Is weekly report enabled: enable
2022-12-07T20:46:22+00:00 INFO Is weekly report enabled: enable
2022-12-07T20:48:24+00:00 INFO Is weekly report enabled: enable
2022-12-07T20:50:25+00:00 INFO Is weekly report enabled: enable
2022-12-07T20:52:26+00:00 INFO Is weekly report enabled: enable
2022-12-07T20:54:27+00:00 INFO Is weekly report enabled: enable
2022-12-07T20:56:28+00:00 INFO Is weekly report enabled: enable
2022-12-07T20:59:46+00:00 INFO Is weekly report enabled: enable
2022-12-07T21:00:30+00:00 INFO Is weekly report enabled: enable
2022-12-07T21:02:31+00:00 INFO Is weekly report enabled: enable
2022-12-07T21:04:31+00:00 INFO Is weekly report enabled: enable
2022-12-07T21:06:32+00:00 INFO Is weekly report enabled: enable
2022-12-07T21:08:33+00:00 INFO Is weekly report enabled: enable
2022-12-07T21:10:35+00:00 INFO Is weekly report enabled: enable
2022-12-07T21:12:36+00:00 INFO Is weekly report enabled: enable
2022-12-07T21:14:37+00:00 INFO Is weekly report enabled: enable
2022-12-07T21:16:38+00:00 INFO Is weekly report enabled: enable
2022-12-07T21:18:39+00:00 INFO Is weekly report enabled: enable
2022-12-07T21:20:40+00:00 INFO Is weekly report enabled: enable
2022-12-07T21:22:41+00:00 INFO Is weekly report enabled: enable
2022-12-07T21:24:42+00:00 INFO Is weekly report enabled: enable
2022-12-07T21:26:43+00:00 INFO Is weekly report enabled: enable
2022-12-07T21:28:44+00:00 INFO Is weekly report enabled: enable
2022-12-07T21:30:45+00:00 INFO Is weekly report enabled: enable
2022-12-07T21:32:46+00:00 INFO Is weekly report enabled: enable
2022-12-07T21:34:47+00:00 INFO Is weekly report enabled: enable
2022-12-07T21:36:47+00:00 INFO Is weekly report enabled: enable
2022-12-07T21:38:49+00:00 INFO Is weekly report enabled: enable
2022-12-07T21:40:50+00:00 INFO Is weekly report enabled: enable
2022-12-07T21:42:51+00:00 INFO Is weekly report enabled: enable
2022-12-07T21:44:52+00:00 INFO Is weekly report enabled: enable
2022-12-07T21:46:53+00:00 INFO Is weekly report enabled: enable
2022-12-07T21:49:00+00:00 INFO Is weekly report enabled: enable
2022-12-07T21:51:00+00:00 INFO Is weekly report enabled: enable
2022-12-07T21:53:00+00:00 INFO Is weekly report enabled: enable
2022-12-07T21:55:03+00:00 INFO Is weekly report enabled: enable
